
> editor_pro@0.1.0 build
> next build

ฮ“รปโ–“ Next.js 16.1.6 (Turbopack)
- Environments: .env

  Creating an optimized production build ...
ฮ“ยฃรด Compiled successfully in 5.7s
  Running TypeScript ...
  Collecting page data using 15 workers ...
  Generating static pages using 15 workers (0/12) ...
  Generating static pages using 15 workers (3/12) 
  Generating static pages using 15 workers (6/12) 
  Generating static pages using 15 workers (9/12) 
ฮ“ยฃรด Generating static pages using 15 workers (12/12) in 1674.1ms
  Finalizing page optimization ...

Route (app)
ฮ“รถรฎ ฮ“รนรฏ /
ฮ“รถยฃ ฮ“รนรฏ /_not-found
ฮ“รถยฃ ฮ“รนรฏ /calendar
ฮ“รถยฃ ฮ“รนรฏ /dashboard
ฮ“รถยฃ ฮ“รนรฏ /invoices
ฮ“รถยฃ ฮ“รนรฏ /login
ฮ“รถยฃ ฮ“รนรฏ /projects
ฮ“รถยฃ ฮ“รนรฏ /register
ฮ“รถยฃ ฮ“รนรฏ /settings
ฮ“รถรถ ฮ“รนรฏ /tasks


ฮ“รนรฏ  (Static)  prerendered as static content

