
> editor_pro@0.1.0 dev:server
> cd server && ts-node -r tsconfig-paths/register src/index.ts

[dotenv@17.3.1] injecting env (10) from .env -- tip: ΓÜÖ∩╕Å  specify custom .env file path with { path: '/custom/path/.env' }
Server is running on port 5000
[2026-03-03T09:02:36.381Z] GET /api/auth/profile
Auth Header: Bearer eyJhbGci...
[2026-03-03T09:03:14.173Z] GET /api/dashboard
Auth Header: Bearer eyJhbGci...
[2026-03-03T09:03:14.184Z] GET /api/auth/profile
Auth Header: Bearer eyJhbGci...
[2026-03-03T09:03:14.211Z] GET /api/dashboard
Auth Header: Bearer eyJhbGci...
[2026-03-03T09:03:20.982Z] GET /api/projects
Auth Header: Bearer eyJhbGci...
[2026-03-03T09:03:20.987Z] GET /api/auth/profile
Auth Header: Bearer eyJhbGci...
[2026-03-03T09:03:20.995Z] GET /api/projects
Auth Header: Bearer eyJhbGci...
[2026-03-03T09:03:26.177Z] GET /api/tasks
Auth Header: Bearer eyJhbGci...
[2026-03-03T09:03:26.182Z] GET /api/projects
Auth Header: Bearer eyJhbGci...
[2026-03-03T09:03:26.185Z] GET /api/auth/profile
Auth Header: Bearer eyJhbGci...
[2026-03-03T09:03:26.197Z] GET /api/tasks
Auth Header: Bearer eyJhbGci...
[2026-03-03T09:03:26.200Z] GET /api/projects
Auth Header: Bearer eyJhbGci...
[2026-03-03T09:03:28.908Z] PUT /api/tasks/cmma7kerz00018ann5zxaxaq1
Auth Header: Bearer eyJhbGci...
[2026-03-03T09:03:30.537Z] PUT /api/tasks/cmma7kerz00018ann5zxaxaq1
Auth Header: Bearer eyJhbGci...
[2026-03-03T09:03:31.902Z] GET /api/meetings
Auth Header: Bearer eyJhbGci...
[2026-03-03T09:03:31.903Z] GET /api/auth/profile
Auth Header: Bearer eyJhbGci...
[2026-03-03T09:03:31.906Z] GET /api/meetings
Auth Header: Bearer eyJhbGci...
[2026-03-03T09:03:36.711Z] GET /api/auth/profile
Auth Header: Bearer eyJhbGci...
[2026-03-03T09:03:36.714Z] GET /api/invoices
Auth Header: Bearer eyJhbGci...
[2026-03-03T09:03:36.716Z] GET /api/projects
Auth Header: Bearer eyJhbGci...
[2026-03-03T09:03:36.721Z] GET /api/invoices
Auth Header: Bearer eyJhbGci...
[2026-03-03T09:03:36.724Z] GET /api/projects
Auth Header: Bearer eyJhbGci...
[2026-03-03T09:03:45.215Z] GET /api/tasks
Auth Header: Bearer eyJhbGci...
[2026-03-03T09:03:45.216Z] GET /api/projects
Auth Header: Bearer eyJhbGci...
[2026-03-03T09:03:45.217Z] GET /api/auth/profile
Auth Header: Bearer eyJhbGci...
[2026-03-03T09:03:45.220Z] GET /api/tasks
Auth Header: Bearer eyJhbGci...
[2026-03-03T09:03:45.223Z] GET /api/projects
Auth Header: Bearer eyJhbGci...
[2026-03-03T09:03:48.288Z] GET /api/auth/profile
Auth Header: Bearer eyJhbGci...
[2026-03-03T09:03:48.291Z] GET /api/dashboard
Auth Header: Bearer eyJhbGci...
[2026-03-03T09:03:48.308Z] GET /api/dashboard
Auth Header: Bearer eyJhbGci...
[2026-03-03T09:03:57.448Z] GET /api/auth/profile
Auth Header: Bearer eyJhbGci...
[2026-03-03T09:04:12.669Z] GET /api/dashboard
Auth Header: Bearer eyJhbGci...
[2026-03-03T09:04:12.672Z] GET /api/auth/profile
Auth Header: Bearer eyJhbGci...
[2026-03-03T09:04:12.688Z] GET /api/dashboard
Auth Header: Bearer eyJhbGci...
[2026-03-03T09:04:18.666Z] GET /api/dashboard
Auth Header: Bearer eyJhbGci...
[2026-03-03T09:04:18.667Z] GET /api/auth/profile
Auth Header: Bearer eyJhbGci...
[2026-03-03T09:04:27.740Z] GET /api/dashboard
Auth Header: Bearer eyJhbGci...
[2026-03-03T09:04:27.742Z] GET /api/auth/profile
Auth Header: Bearer eyJhbGci...
